{"level":"error","timestamp":"2025-11-17T13:14:52.491Z"}
{"level":"error","timestamp":"2025-11-17T13:18:56.942Z"}
{"level":"error","timestamp":"2025-11-17T13:21:04.157Z"}
{"level":"error","timestamp":"2025-11-17T13:21:06.945Z"}
{"level":"error","timestamp":"2025-11-17T13:21:15.151Z"}
{"level":"error","timestamp":"2025-11-17T13:21:27.506Z"}
{"level":"error","timestamp":"2025-11-17T13:21:53.894Z"}
{"level":"error","timestamp":"2025-11-17T13:23:13.617Z"}
{"level":"error","timestamp":"2025-11-17T13:24:41.706Z"}
{"level":"error","timestamp":"2025-11-17T13:25:25.526Z"}
{"level":"error","timestamp":"2025-11-17T13:25:49.531Z"}
{"level":"error","timestamp":"2025-11-17T13:25:58.050Z"}
{"level":"error","timestamp":"2025-11-17T13:26:02.705Z"}
{"level":"error","timestamp":"2025-11-17T13:26:32.575Z"}
{"level":"error","timestamp":"2025-11-17T13:26:45.184Z"}
{"level":"error","timestamp":"2025-11-17T13:27:57.898Z"}
{"level":"error","timestamp":"2025-11-17T13:33:27.058Z"}
{"level":"error","timestamp":"2025-11-17T13:34:05.381Z"}
{"level":"error","timestamp":"2025-11-17T13:34:14.757Z"}
{"http_code":401,"level":"error","message":"Invalid Signature c19331bc6930ee3a045818c43b29540ef7f37969. String to sign - 'allowed_formats=jpg,jpeg,png,webp&folder=foodapp/menu&public_id=item-1763387837419-686911500&timestamp=1763387837&transformation=c_limit,h_1000,w_1000/f_auto,q_auto'.","name":"Error","storageErrors":[],"timestamp":"2025-11-17T13:57:19.344Z"}
{"http_code":401,"level":"error","message":"Invalid Signature 6008c00c96266546599d126a2eb9dcf272a3da29. String to sign - 'allowed_formats=jpg,jpeg,png,webp&folder=foodapp/menu&public_id=item-1763388105252-875353693&timestamp=1763388105&transformation=c_limit,h_1000,w_1000/f_auto,q_auto'.","name":"Error","storageErrors":[],"timestamp":"2025-11-17T14:01:46.523Z"}
{"http_code":401,"level":"error","message":"Invalid Signature 3b70c3787975d53b09302277cfbf885d6edba64f. String to sign - 'allowed_formats=jpg,jpeg,png,webp&folder=foodapp/menu&public_id=item-1763388285417-760363096&timestamp=1763388285&transformation=c_limit,h_1000,w_1000/f_auto,q_auto'.","name":"Error","storageErrors":[],"timestamp":"2025-11-17T14:04:46.891Z"}
{"http_code":401,"level":"error","message":"Invalid Signature 55a5a06c2500bac2ef3eac9b7082a1260ad10154. String to sign - 'allowed_formats=jpg,jpeg,png,webp&folder=foodapp/menu&public_id=item-1763388327514-658093709&timestamp=1763388327&transformation=c_limit,h_1000,w_1000'.","name":"Error","storageErrors":[],"timestamp":"2025-11-17T14:05:28.819Z"}
{"http_code":401,"level":"error","message":"Invalid Signature d7b926ba8f042b69ba29bf586ef4f2b815761dc6. String to sign - 'allowed_formats=jpg,jpeg,png,webp&folder=foodapp/menu&public_id=item-1763388351013-641321907&timestamp=1763388351&transformation=c_limit,h_1000,w_1000'.","name":"Error","storageErrors":[],"timestamp":"2025-11-17T14:05:52.599Z"}
{"http_code":401,"level":"error","message":"Invalid Signature 4672732ae188ad197d1fc9cb2ec39a46fad14b8f. String to sign - 'allowed_formats=jpg,jpeg,png,webp&folder=foodapp/menu&public_id=item-1763388410692-497896702&timestamp=1763388410&transformation=c_limit,h_1000,w_1000'.","name":"Error","storageErrors":[],"timestamp":"2025-11-17T14:06:51.952Z"}
{"level":"error","timestamp":"2025-11-18T08:47:16.257Z"}
{"level":"error","timestamp":"2025-11-18T08:50:16.825Z"}
{"level":"error","timestamp":"2025-11-18T08:56:19.404Z"}
{"level":"error","timestamp":"2025-11-18T08:58:52.700Z"}
{"level":"error","message":"ReferenceError: res is not defined\n    at auth (C:\\amfood\\FoodWebsite-backend\\src\\middleware\\auth\\auth.js:26:5)\n    at Layer.handleRequest (C:\\amfood\\FoodWebsite-backend\\node_modules\\router\\lib\\layer.js:152:17)\n    at trimPrefix (C:\\amfood\\FoodWebsite-backend\\node_modules\\router\\index.js:342:13)\n    at C:\\amfood\\FoodWebsite-backend\\node_modules\\router\\index.js:297:9\n    at processParams (C:\\amfood\\FoodWebsite-backend\\node_modules\\router\\index.js:582:12)\n    at next (C:\\amfood\\FoodWebsite-backend\\node_modules\\router\\index.js:291:5)\n    at Function.handle (C:\\amfood\\FoodWebsite-backend\\node_modules\\router\\index.js:186:3)\n    at router (C:\\amfood\\FoodWebsite-backend\\node_modules\\router\\index.js:60:12)\n    at Layer.handleRequest (C:\\amfood\\FoodWebsite-backend\\node_modules\\router\\lib\\layer.js:152:17)\n    at trimPrefix (C:\\amfood\\FoodWebsite-backend\\node_modules\\router\\index.js:342:13)","timestamp":"2025-11-18T10:00:57.519Z"}
{"level":"error","message":"SyntaxError: Unexpected token 'c', \"\nconst expr\"... is not valid JSON\n    at JSON.parse (<anonymous>)\n    at createStrictSyntaxError (C:\\amfood\\FoodWebsite-backend\\node_modules\\body-parser\\lib\\types\\json.js:156:10)\n    at parse (C:\\amfood\\FoodWebsite-backend\\node_modules\\body-parser\\lib\\types\\json.js:71:15)\n    at C:\\amfood\\FoodWebsite-backend\\node_modules\\body-parser\\lib\\read.js:123:18\n    at AsyncResource.runInAsyncScope (node:async_hooks:211:14)\n    at invokeCallback (C:\\amfood\\FoodWebsite-backend\\node_modules\\raw-body\\index.js:238:16)\n    at done (C:\\amfood\\FoodWebsite-backend\\node_modules\\raw-body\\index.js:227:7)\n    at IncomingMessage.onEnd (C:\\amfood\\FoodWebsite-backend\\node_modules\\raw-body\\index.js:287:7)\n    at IncomingMessage.emit (node:events:524:28)\n    at endReadableNT (node:internal/streams/readable:1698:12)","timestamp":"2025-11-18T10:35:22.824Z"}
{"level":"error","message":"Unhandled Error: Expected property name or '}' in JSON at position 1 (line 1 column 2)","method":"POST","stack":"SyntaxError: Expected property name or '}' in JSON at position 1 (line 1 column 2)\n    at JSON.parse (<anonymous>)\n    at parse (C:\\amfood\\FoodWebsite-backend\\node_modules\\body-parser\\lib\\types\\json.js:77:19)\n    at C:\\amfood\\FoodWebsite-backend\\node_modules\\body-parser\\lib\\read.js:123:18\n    at AsyncResource.runInAsyncScope (node:async_hooks:211:14)\n    at invokeCallback (C:\\amfood\\FoodWebsite-backend\\node_modules\\raw-body\\index.js:238:16)\n    at done (C:\\amfood\\FoodWebsite-backend\\node_modules\\raw-body\\index.js:227:7)\n    at IncomingMessage.onEnd (C:\\amfood\\FoodWebsite-backend\\node_modules\\raw-body\\index.js:287:7)\n    at IncomingMessage.emit (node:events:524:28)\n    at endReadableNT (node:internal/streams/readable:1698:12)\n    at process.processTicksAndRejections (node:internal/process/task_queues:90:21)","timestamp":"2025-11-24T09:47:49.678Z","url":"/api/auth/login"}
{"level":"error","message":"Failed to load route: /api/admin/riders → argument handler must be a function","timestamp":"2025-11-25T09:26:15.197Z"}
{"level":"error","message":"Failed to load route: /api/admin/riders → argument handler must be a function","timestamp":"2025-11-25T09:26:37.532Z"}
{"level":"error","message":"Failed to load route: /api/admin/riders → argument handler must be a function","timestamp":"2025-11-25T09:27:54.640Z"}
{"level":"error","message":"Failed to load route: /api/rider → Cannot find module './src/config/db'\nRequire stack:\n- C:\\amfood\\FoodWebsite-backend\\src\\routes\\rider\\riderRoutes.js\n- C:\\amfood\\FoodWebsite-backend\\server.js","timestamp":"2025-11-25T09:28:11.211Z"}
{"level":"error","message":"Failed to load route: /api/admin/riders → argument handler must be a function","timestamp":"2025-11-25T09:28:11.277Z"}
{"level":"error","message":"Failed to load route: /api/admin/riders → argument handler must be a function","timestamp":"2025-11-25T09:28:20.210Z"}
{"level":"error","message":"Failed to load route: /api/admin/riders → argument handler must be a function","timestamp":"2025-11-25T09:28:41.129Z"}
{"level":"error","message":"Failed to load route: /api/admin/riders → argument handler must be a function","timestamp":"2025-11-25T09:28:42.778Z"}
{"level":"error","message":"Failed to load route: /api/admin/riders → argument handler must be a function","timestamp":"2025-11-25T09:28:49.610Z"}
{"level":"error","message":"Failed to load route: /api/admin/riders → argument handler must be a function","timestamp":"2025-11-25T09:28:57.906Z"}
{"level":"error","message":"Failed to load route: /api/admin/riders argument handler must be a function","stack":"TypeError: argument handler must be a function\n    at Route.<computed> [as post] (C:\\amfood\\FoodWebsite-backend\\node_modules\\router\\lib\\route.js:228:15)\n    at Router.<computed> [as post] (C:\\amfood\\FoodWebsite-backend\\node_modules\\router\\index.js:448:19)\n    at Object.<anonymous> (C:\\amfood\\FoodWebsite-backend\\src\\routes\\admin\\riderAdminRoutes.js:44:8)\n    at Module._compile (node:internal/modules/cjs/loader:1565:14)\n    at Object..js (node:internal/modules/cjs/loader:1708:10)\n    at Module.load (node:internal/modules/cjs/loader:1318:32)\n    at Function._load (node:internal/modules/cjs/loader:1128:12)\n    at TracingChannel.traceSync (node:diagnostics_channel:322:14)\n    at wrapModuleLoad (node:internal/modules/cjs/loader:219:24)\n    at Module.require (node:internal/modules/cjs/loader:1340:12)","timestamp":"2025-11-25T10:04:44.100Z"}
{"level":"error","message":"Failed to load route: /api/admin/riders argument handler must be a function","stack":"TypeError: argument handler must be a function\n    at Route.<computed> [as post] (C:\\amfood\\FoodWebsite-backend\\node_modules\\router\\lib\\route.js:228:15)\n    at Router.<computed> [as post] (C:\\amfood\\FoodWebsite-backend\\node_modules\\router\\index.js:448:19)\n    at Object.<anonymous> (C:\\amfood\\FoodWebsite-backend\\src\\routes\\admin\\riderAdminRoutes.js:44:8)\n    at Module._compile (node:internal/modules/cjs/loader:1565:14)\n    at Object..js (node:internal/modules/cjs/loader:1708:10)\n    at Module.load (node:internal/modules/cjs/loader:1318:32)\n    at Function._load (node:internal/modules/cjs/loader:1128:12)\n    at TracingChannel.traceSync (node:diagnostics_channel:322:14)\n    at wrapModuleLoad (node:internal/modules/cjs/loader:219:24)\n    at Module.require (node:internal/modules/cjs/loader:1340:12)","timestamp":"2025-11-25T10:04:44.103Z"}
{"level":"error","message":"Failed to load route: /api/admin/riders argument handler must be a function","stack":"TypeError: argument handler must be a function\n    at Route.<computed> [as post] (C:\\amfood\\FoodWebsite-backend\\node_modules\\router\\lib\\route.js:228:15)\n    at Router.<computed> [as post] (C:\\amfood\\FoodWebsite-backend\\node_modules\\router\\index.js:448:19)\n    at Object.<anonymous> (C:\\amfood\\FoodWebsite-backend\\src\\routes\\admin\\riderAdminRoutes.js:44:8)\n    at Module._compile (node:internal/modules/cjs/loader:1565:14)\n    at Object..js (node:internal/modules/cjs/loader:1708:10)\n    at Module.load (node:internal/modules/cjs/loader:1318:32)\n    at Function._load (node:internal/modules/cjs/loader:1128:12)\n    at TracingChannel.traceSync (node:diagnostics_channel:322:14)\n    at wrapModuleLoad (node:internal/modules/cjs/loader:219:24)\n    at Module.require (node:internal/modules/cjs/loader:1340:12)","timestamp":"2025-11-25T10:04:44.113Z"}
{"level":"error","message":"Failed to load route: /api/admin/riders argument handler must be a function","stack":"TypeError: argument handler must be a function\n    at Route.<computed> [as post] (C:\\amfood\\FoodWebsite-backend\\node_modules\\router\\lib\\route.js:228:15)\n    at Router.<computed> [as post] (C:\\amfood\\FoodWebsite-backend\\node_modules\\router\\index.js:448:19)\n    at Object.<anonymous> (C:\\amfood\\FoodWebsite-backend\\src\\routes\\admin\\riderAdminRoutes.js:44:8)\n    at Module._compile (node:internal/modules/cjs/loader:1565:14)\n    at Object..js (node:internal/modules/cjs/loader:1708:10)\n    at Module.load (node:internal/modules/cjs/loader:1318:32)\n    at Function._load (node:internal/modules/cjs/loader:1128:12)\n    at TracingChannel.traceSync (node:diagnostics_channel:322:14)\n    at wrapModuleLoad (node:internal/modules/cjs/loader:219:24)\n    at Module.require (node:internal/modules/cjs/loader:1340:12)","timestamp":"2025-11-25T10:04:44.113Z"}
{"level":"error","message":"Failed to load route: /api/admin/riders argument handler must be a function","stack":"TypeError: argument handler must be a function\n    at Route.<computed> [as post] (C:\\amfood\\FoodWebsite-backend\\node_modules\\router\\lib\\route.js:228:15)\n    at Router.<computed> [as post] (C:\\amfood\\FoodWebsite-backend\\node_modules\\router\\index.js:448:19)\n    at Object.<anonymous> (C:\\amfood\\FoodWebsite-backend\\src\\routes\\admin\\riderAdminRoutes.js:44:8)\n    at Module._compile (node:internal/modules/cjs/loader:1565:14)\n    at Object..js (node:internal/modules/cjs/loader:1708:10)\n    at Module.load (node:internal/modules/cjs/loader:1318:32)\n    at Function._load (node:internal/modules/cjs/loader:1128:12)\n    at TracingChannel.traceSync (node:diagnostics_channel:322:14)\n    at wrapModuleLoad (node:internal/modules/cjs/loader:219:24)\n    at Module.require (node:internal/modules/cjs/loader:1340:12)","timestamp":"2025-11-25T10:04:44.116Z"}
{"level":"error","message":"Failed to load route: /api/admin/riders argument handler must be a function","stack":"TypeError: argument handler must be a function\n    at Route.<computed> [as post] (C:\\amfood\\FoodWebsite-backend\\node_modules\\router\\lib\\route.js:228:15)\n    at Router.<computed> [as post] (C:\\amfood\\FoodWebsite-backend\\node_modules\\router\\index.js:448:19)\n    at Object.<anonymous> (C:\\amfood\\FoodWebsite-backend\\src\\routes\\admin\\riderAdminRoutes.js:44:8)\n    at Module._compile (node:internal/modules/cjs/loader:1565:14)\n    at Object..js (node:internal/modules/cjs/loader:1708:10)\n    at Module.load (node:internal/modules/cjs/loader:1318:32)\n    at Function._load (node:internal/modules/cjs/loader:1128:12)\n    at TracingChannel.traceSync (node:diagnostics_channel:322:14)\n    at wrapModuleLoad (node:internal/modules/cjs/loader:219:24)\n    at Module.require (node:internal/modules/cjs/loader:1340:12)","timestamp":"2025-11-25T10:04:44.119Z"}
{"level":"error","message":"Failed to load route: /api/admin/riders argument handler must be a function","stack":"TypeError: argument handler must be a function\n    at Route.<computed> [as post] (C:\\amfood\\FoodWebsite-backend\\node_modules\\router\\lib\\route.js:228:15)\n    at Router.<computed> [as post] (C:\\amfood\\FoodWebsite-backend\\node_modules\\router\\index.js:448:19)\n    at Object.<anonymous> (C:\\amfood\\FoodWebsite-backend\\src\\routes\\admin\\riderAdminRoutes.js:44:8)\n    at Module._compile (node:internal/modules/cjs/loader:1565:14)\n    at Object..js (node:internal/modules/cjs/loader:1708:10)\n    at Module.load (node:internal/modules/cjs/loader:1318:32)\n    at Function._load (node:internal/modules/cjs/loader:1128:12)\n    at TracingChannel.traceSync (node:diagnostics_channel:322:14)\n    at wrapModuleLoad (node:internal/modules/cjs/loader:219:24)\n    at Module.require (node:internal/modules/cjs/loader:1340:12)","timestamp":"2025-11-25T10:04:44.120Z"}
{"level":"error","message":"Failed to load route: /api/admin/riders argument handler must be a function","stack":"TypeError: argument handler must be a function\n    at Route.<computed> [as post] (C:\\amfood\\FoodWebsite-backend\\node_modules\\router\\lib\\route.js:228:15)\n    at Router.<computed> [as post] (C:\\amfood\\FoodWebsite-backend\\node_modules\\router\\index.js:448:19)\n    at Object.<anonymous> (C:\\amfood\\FoodWebsite-backend\\src\\routes\\admin\\riderAdminRoutes.js:44:8)\n    at Module._compile (node:internal/modules/cjs/loader:1565:14)\n    at Object..js (node:internal/modules/cjs/loader:1708:10)\n    at Module.load (node:internal/modules/cjs/loader:1318:32)\n    at Function._load (node:internal/modules/cjs/loader:1128:12)\n    at TracingChannel.traceSync (node:diagnostics_channel:322:14)\n    at wrapModuleLoad (node:internal/modules/cjs/loader:219:24)\n    at Module.require (node:internal/modules/cjs/loader:1340:12)","timestamp":"2025-11-25T10:04:44.120Z"}
{"level":"error","message":"Failed to load route: /api/admin/riders argument handler must be a function","stack":"TypeError: argument handler must be a function\n    at Route.<computed> [as post] (C:\\amfood\\FoodWebsite-backend\\node_modules\\router\\lib\\route.js:228:15)\n    at Router.<computed> [as post] (C:\\amfood\\FoodWebsite-backend\\node_modules\\router\\index.js:448:19)\n    at Object.<anonymous> (C:\\amfood\\FoodWebsite-backend\\src\\routes\\admin\\riderAdminRoutes.js:44:8)\n    at Module._compile (node:internal/modules/cjs/loader:1565:14)\n    at Object..js (node:internal/modules/cjs/loader:1708:10)\n    at Module.load (node:internal/modules/cjs/loader:1318:32)\n    at Function._load (node:internal/modules/cjs/loader:1128:12)\n    at TracingChannel.traceSync (node:diagnostics_channel:322:14)\n    at wrapModuleLoad (node:internal/modules/cjs/loader:219:24)\n    at Module.require (node:internal/modules/cjs/loader:1340:12)","timestamp":"2025-11-25T10:04:44.121Z"}
{"level":"error","message":"Failed to load route: /api/admin/riders argument handler must be a function","stack":"TypeError: argument handler must be a function\n    at Route.<computed> [as post] (C:\\amfood\\FoodWebsite-backend\\node_modules\\router\\lib\\route.js:228:15)\n    at Router.<computed> [as post] (C:\\amfood\\FoodWebsite-backend\\node_modules\\router\\index.js:448:19)\n    at Object.<anonymous> (C:\\amfood\\FoodWebsite-backend\\src\\routes\\admin\\riderAdminRoutes.js:44:8)\n    at Module._compile (node:internal/modules/cjs/loader:1565:14)\n    at Object..js (node:internal/modules/cjs/loader:1708:10)\n    at Module.load (node:internal/modules/cjs/loader:1318:32)\n    at Function._load (node:internal/modules/cjs/loader:1128:12)\n    at TracingChannel.traceSync (node:diagnostics_channel:322:14)\n    at wrapModuleLoad (node:internal/modules/cjs/loader:219:24)\n    at Module.require (node:internal/modules/cjs/loader:1340:12)","timestamp":"2025-11-25T10:04:44.127Z"}
{"level":"error","message":"Failed to load route: /api/admin/riders argument handler must be a function","stack":"TypeError: argument handler must be a function\n    at Route.<computed> [as post] (C:\\amfood\\FoodWebsite-backend\\node_modules\\router\\lib\\route.js:228:15)\n    at Router.<computed> [as post] (C:\\amfood\\FoodWebsite-backend\\node_modules\\router\\index.js:448:19)\n    at Object.<anonymous> (C:\\amfood\\FoodWebsite-backend\\src\\routes\\admin\\riderAdminRoutes.js:44:8)\n    at Module._compile (node:internal/modules/cjs/loader:1565:14)\n    at Object..js (node:internal/modules/cjs/loader:1708:10)\n    at Module.load (node:internal/modules/cjs/loader:1318:32)\n    at Function._load (node:internal/modules/cjs/loader:1128:12)\n    at TracingChannel.traceSync (node:diagnostics_channel:322:14)\n    at wrapModuleLoad (node:internal/modules/cjs/loader:219:24)\n    at Module.require (node:internal/modules/cjs/loader:1340:12)","timestamp":"2025-11-25T10:04:44.131Z"}
{"level":"error","message":"Failed to load route: /api/admin/riders argument handler must be a function","stack":"TypeError: argument handler must be a function\n    at Route.<computed> [as post] (C:\\amfood\\FoodWebsite-backend\\node_modules\\router\\lib\\route.js:228:15)\n    at Router.<computed> [as post] (C:\\amfood\\FoodWebsite-backend\\node_modules\\router\\index.js:448:19)\n    at Object.<anonymous> (C:\\amfood\\FoodWebsite-backend\\src\\routes\\admin\\riderAdminRoutes.js:44:8)\n    at Module._compile (node:internal/modules/cjs/loader:1565:14)\n    at Object..js (node:internal/modules/cjs/loader:1708:10)\n    at Module.load (node:internal/modules/cjs/loader:1318:32)\n    at Function._load (node:internal/modules/cjs/loader:1128:12)\n    at TracingChannel.traceSync (node:diagnostics_channel:322:14)\n    at wrapModuleLoad (node:internal/modules/cjs/loader:219:24)\n    at Module.require (node:internal/modules/cjs/loader:1340:12)","timestamp":"2025-11-25T10:04:44.149Z"}
{"level":"error","message":"Failed to load route: /api/admin/riders → argument handler must be a function","timestamp":"2025-11-25T10:05:00.323Z"}
{"level":"error","message":"Failed to load route: /api/admin/riders → argument handler must be a function","timestamp":"2025-11-25T10:05:05.544Z"}
{"level":"error","message":"Failed to load route: /api/admin/riders → argument handler must be a function","timestamp":"2025-11-25T10:10:55.657Z"}
{"level":"error","message":"Failed to load route: /api/admin/riders → argument handler must be a function","timestamp":"2025-11-25T10:11:35.303Z"}
{"level":"error","message":"Failed to load route: /api/admin/riders → argument handler must be a function","timestamp":"2025-11-25T10:20:58.270Z"}
{"level":"error","message":"Failed to load route: /api/admin/riders → argument handler must be a function","timestamp":"2025-11-25T10:21:21.896Z"}
{"level":"error","message":"Failed to load route: /api/admin/riders → argument handler must be a function","timestamp":"2025-11-25T10:21:28.796Z"}
{"level":"error","message":"Failed to load route: /api/admin/riders → argument handler must be a function","timestamp":"2025-11-25T10:25:07.687Z"}
{"level":"error","message":"Failed to load route: /api/admin/riders → argument handler must be a function","timestamp":"2025-11-25T10:26:03.109Z"}
{"level":"error","message":"Failed to load route: /api/admin/riders → argument handler must be a function","timestamp":"2025-11-25T10:31:30.859Z"}
{"level":"error","message":"Failed to load route: /api/admin/riders → argument handler must be a function","timestamp":"2025-11-25T10:32:44.498Z"}
{"level":"error","message":"Failed to load route: /api/admin/riders → argument handler must be a function","timestamp":"2025-11-25T10:34:28.657Z"}
{"level":"error","message":"Failed to load route: /api/admin/riders → argument handler must be a function","timestamp":"2025-11-25T10:35:33.260Z"}
{"level":"error","message":"Failed to load route: /api/admin/riders → argument handler must be a function","timestamp":"2025-11-25T10:38:48.077Z"}
{"level":"error","message":"Failed to load route: /api/admin/riders → argument handler must be a function","timestamp":"2025-11-25T10:39:44.986Z"}
{"level":"error","message":"Failed to load route: /api/admin/riders → argument handler must be a function","timestamp":"2025-11-25T10:40:23.526Z"}
{"level":"error","message":"Failed to load route: /api/admin/riders → argument handler must be a function","timestamp":"2025-11-25T10:42:16.697Z"}
{"level":"error","message":"Failed to load route: /api/admin/riders → argument handler must be a function","timestamp":"2025-11-25T10:42:49.937Z"}
{"level":"error","message":"SERVER ERROR: Cannot destructure property 'type' of 'event' as it is undefined.","stack":"TypeError: Cannot destructure property 'type' of 'event' as it is undefined.\n    at handleWebhook (C:\\amfood\\FoodWebsite-backend\\src\\controllers\\webhook\\stripeWebhookController.js:9:11)\n    at Layer.handleRequest (C:\\amfood\\FoodWebsite-backend\\node_modules\\router\\lib\\layer.js:152:17)\n    at next (C:\\amfood\\FoodWebsite-backend\\node_modules\\router\\lib\\route.js:157:13)\n    at Route.dispatch (C:\\amfood\\FoodWebsite-backend\\node_modules\\router\\lib\\route.js:117:3)\n    at handle (C:\\amfood\\FoodWebsite-backend\\node_modules\\router\\index.js:435:11)\n    at Layer.handleRequest (C:\\amfood\\FoodWebsite-backend\\node_modules\\router\\lib\\layer.js:152:17)\n    at C:\\amfood\\FoodWebsite-backend\\node_modules\\router\\index.js:295:15\n    at processParams (C:\\amfood\\FoodWebsite-backend\\node_modules\\router\\index.js:582:12)\n    at next (C:\\amfood\\FoodWebsite-backend\\node_modules\\router\\index.js:291:5)\n    at Function.handle (C:\\amfood\\FoodWebsite-backend\\node_modules\\router\\index.js:186:3)","timestamp":"2025-11-25T10:42:52.580Z"}
{"level":"error","message":"SERVER ERROR: Cannot destructure property 'type' of 'event' as it is undefined.","stack":"TypeError: Cannot destructure property 'type' of 'event' as it is undefined.\n    at handleWebhook (C:\\amfood\\FoodWebsite-backend\\src\\controllers\\webhook\\stripeWebhookController.js:9:11)\n    at Layer.handleRequest (C:\\amfood\\FoodWebsite-backend\\node_modules\\router\\lib\\layer.js:152:17)\n    at next (C:\\amfood\\FoodWebsite-backend\\node_modules\\router\\lib\\route.js:157:13)\n    at Route.dispatch (C:\\amfood\\FoodWebsite-backend\\node_modules\\router\\lib\\route.js:117:3)\n    at handle (C:\\amfood\\FoodWebsite-backend\\node_modules\\router\\index.js:435:11)\n    at Layer.handleRequest (C:\\amfood\\FoodWebsite-backend\\node_modules\\router\\lib\\layer.js:152:17)\n    at C:\\amfood\\FoodWebsite-backend\\node_modules\\router\\index.js:295:15\n    at processParams (C:\\amfood\\FoodWebsite-backend\\node_modules\\router\\index.js:582:12)\n    at next (C:\\amfood\\FoodWebsite-backend\\node_modules\\router\\index.js:291:5)\n    at Function.handle (C:\\amfood\\FoodWebsite-backend\\node_modules\\router\\index.js:186:3)","timestamp":"2025-11-25T10:42:57.673Z"}
{"level":"error","message":"SERVER ERROR: Cannot destructure property 'type' of 'event' as it is undefined.","stack":"TypeError: Cannot destructure property 'type' of 'event' as it is undefined.\n    at handleWebhook (C:\\amfood\\FoodWebsite-backend\\src\\controllers\\webhook\\stripeWebhookController.js:9:11)\n    at Layer.handleRequest (C:\\amfood\\FoodWebsite-backend\\node_modules\\router\\lib\\layer.js:152:17)\n    at next (C:\\amfood\\FoodWebsite-backend\\node_modules\\router\\lib\\route.js:157:13)\n    at Route.dispatch (C:\\amfood\\FoodWebsite-backend\\node_modules\\router\\lib\\route.js:117:3)\n    at handle (C:\\amfood\\FoodWebsite-backend\\node_modules\\router\\index.js:435:11)\n    at Layer.handleRequest (C:\\amfood\\FoodWebsite-backend\\node_modules\\router\\lib\\layer.js:152:17)\n    at C:\\amfood\\FoodWebsite-backend\\node_modules\\router\\index.js:295:15\n    at processParams (C:\\amfood\\FoodWebsite-backend\\node_modules\\router\\index.js:582:12)\n    at next (C:\\amfood\\FoodWebsite-backend\\node_modules\\router\\index.js:291:5)\n    at Function.handle (C:\\amfood\\FoodWebsite-backend\\node_modules\\router\\index.js:186:3)","timestamp":"2025-11-25T10:43:04.160Z"}
{"level":"error","message":"SERVER ERROR: Cannot destructure property 'type' of 'event' as it is undefined.","stack":"TypeError: Cannot destructure property 'type' of 'event' as it is undefined.\n    at handleWebhook (C:\\amfood\\FoodWebsite-backend\\src\\controllers\\webhook\\stripeWebhookController.js:9:11)\n    at Layer.handleRequest (C:\\amfood\\FoodWebsite-backend\\node_modules\\router\\lib\\layer.js:152:17)\n    at next (C:\\amfood\\FoodWebsite-backend\\node_modules\\router\\lib\\route.js:157:13)\n    at Route.dispatch (C:\\amfood\\FoodWebsite-backend\\node_modules\\router\\lib\\route.js:117:3)\n    at handle (C:\\amfood\\FoodWebsite-backend\\node_modules\\router\\index.js:435:11)\n    at Layer.handleRequest (C:\\amfood\\FoodWebsite-backend\\node_modules\\router\\lib\\layer.js:152:17)\n    at C:\\amfood\\FoodWebsite-backend\\node_modules\\router\\index.js:295:15\n    at processParams (C:\\amfood\\FoodWebsite-backend\\node_modules\\router\\index.js:582:12)\n    at next (C:\\amfood\\FoodWebsite-backend\\node_modules\\router\\index.js:291:5)\n    at Function.handle (C:\\amfood\\FoodWebsite-backend\\node_modules\\router\\index.js:186:3)","timestamp":"2025-11-25T10:43:28.213Z"}
{"level":"error","message":"Failed to load route: /api/admin/riders → argument handler must be a function","timestamp":"2025-11-25T10:44:34.160Z"}
{"level":"error","message":"SERVER ERROR: Cannot destructure property 'type' of 'event' as it is undefined.","stack":"TypeError: Cannot destructure property 'type' of 'event' as it is undefined.\n    at handleWebhook (C:\\amfood\\FoodWebsite-backend\\src\\controllers\\webhook\\stripeWebhookController.js:17:11)\n    at Layer.handleRequest (C:\\amfood\\FoodWebsite-backend\\node_modules\\router\\lib\\layer.js:152:17)\n    at next (C:\\amfood\\FoodWebsite-backend\\node_modules\\router\\lib\\route.js:157:13)\n    at Route.dispatch (C:\\amfood\\FoodWebsite-backend\\node_modules\\router\\lib\\route.js:117:3)\n    at handle (C:\\amfood\\FoodWebsite-backend\\node_modules\\router\\index.js:435:11)\n    at Layer.handleRequest (C:\\amfood\\FoodWebsite-backend\\node_modules\\router\\lib\\layer.js:152:17)\n    at C:\\amfood\\FoodWebsite-backend\\node_modules\\router\\index.js:295:15\n    at processParams (C:\\amfood\\FoodWebsite-backend\\node_modules\\router\\index.js:582:12)\n    at next (C:\\amfood\\FoodWebsite-backend\\node_modules\\router\\index.js:291:5)\n    at Function.handle (C:\\amfood\\FoodWebsite-backend\\node_modules\\router\\index.js:186:3)","timestamp":"2025-11-25T10:44:36.694Z"}
{"level":"error","message":"SERVER ERROR: Cannot destructure property 'type' of 'event' as it is undefined.","stack":"TypeError: Cannot destructure property 'type' of 'event' as it is undefined.\n    at handleWebhook (C:\\amfood\\FoodWebsite-backend\\src\\controllers\\webhook\\stripeWebhookController.js:17:11)\n    at Layer.handleRequest (C:\\amfood\\FoodWebsite-backend\\node_modules\\router\\lib\\layer.js:152:17)\n    at next (C:\\amfood\\FoodWebsite-backend\\node_modules\\router\\lib\\route.js:157:13)\n    at Route.dispatch (C:\\amfood\\FoodWebsite-backend\\node_modules\\router\\lib\\route.js:117:3)\n    at handle (C:\\amfood\\FoodWebsite-backend\\node_modules\\router\\index.js:435:11)\n    at Layer.handleRequest (C:\\amfood\\FoodWebsite-backend\\node_modules\\router\\lib\\layer.js:152:17)\n    at C:\\amfood\\FoodWebsite-backend\\node_modules\\router\\index.js:295:15\n    at processParams (C:\\amfood\\FoodWebsite-backend\\node_modules\\router\\index.js:582:12)\n    at next (C:\\amfood\\FoodWebsite-backend\\node_modules\\router\\index.js:291:5)\n    at Function.handle (C:\\amfood\\FoodWebsite-backend\\node_modules\\router\\index.js:186:3)","timestamp":"2025-11-25T10:44:47.302Z"}
{"level":"error","message":"Failed to load route: /api/admin/riders → argument handler must be a function","timestamp":"2025-11-25T10:48:11.695Z"}
{"level":"error","message":"SERVER ERROR: Cannot read properties of undefined (reading 'object')","stack":"TypeError: Cannot read properties of undefined (reading 'object')\n    at handleWebhook (C:\\amfood\\FoodWebsite-backend\\src\\controllers\\webhook\\stripeWebhookController.js:17:25)\n    at Layer.handleRequest (C:\\amfood\\FoodWebsite-backend\\node_modules\\router\\lib\\layer.js:152:17)\n    at next (C:\\amfood\\FoodWebsite-backend\\node_modules\\router\\lib\\route.js:157:13)\n    at Route.dispatch (C:\\amfood\\FoodWebsite-backend\\node_modules\\router\\lib\\route.js:117:3)\n    at handle (C:\\amfood\\FoodWebsite-backend\\node_modules\\router\\index.js:435:11)\n    at Layer.handleRequest (C:\\amfood\\FoodWebsite-backend\\node_modules\\router\\lib\\layer.js:152:17)\n    at C:\\amfood\\FoodWebsite-backend\\node_modules\\router\\index.js:295:15\n    at processParams (C:\\amfood\\FoodWebsite-backend\\node_modules\\router\\index.js:582:12)\n    at next (C:\\amfood\\FoodWebsite-backend\\node_modules\\router\\index.js:291:5)\n    at Function.handle (C:\\amfood\\FoodWebsite-backend\\node_modules\\router\\index.js:186:3)","timestamp":"2025-11-25T10:48:20.817Z"}
{"level":"error","message":"SERVER ERROR: Cannot read properties of undefined (reading 'object')","stack":"TypeError: Cannot read properties of undefined (reading 'object')\n    at handleWebhook (C:\\amfood\\FoodWebsite-backend\\src\\controllers\\webhook\\stripeWebhookController.js:17:25)\n    at Layer.handleRequest (C:\\amfood\\FoodWebsite-backend\\node_modules\\router\\lib\\layer.js:152:17)\n    at next (C:\\amfood\\FoodWebsite-backend\\node_modules\\router\\lib\\route.js:157:13)\n    at Route.dispatch (C:\\amfood\\FoodWebsite-backend\\node_modules\\router\\lib\\route.js:117:3)\n    at handle (C:\\amfood\\FoodWebsite-backend\\node_modules\\router\\index.js:435:11)\n    at Layer.handleRequest (C:\\amfood\\FoodWebsite-backend\\node_modules\\router\\lib\\layer.js:152:17)\n    at C:\\amfood\\FoodWebsite-backend\\node_modules\\router\\index.js:295:15\n    at processParams (C:\\amfood\\FoodWebsite-backend\\node_modules\\router\\index.js:582:12)\n    at next (C:\\amfood\\FoodWebsite-backend\\node_modules\\router\\index.js:291:5)\n    at Function.handle (C:\\amfood\\FoodWebsite-backend\\node_modules\\router\\index.js:186:3)","timestamp":"2025-11-25T10:48:24.534Z"}
{"level":"error","message":"Failed to load route: /api/admin/riders → argument handler must be a function","timestamp":"2025-11-25T10:49:57.671Z"}
{"level":"error","message":"Failed to load route: /api/admin/riders → argument handler must be a function","timestamp":"2025-11-25T11:00:48.831Z"}
{"level":"error","message":"Failed to load route: /api/admin/riders → argument handler must be a function","timestamp":"2025-11-25T11:02:54.398Z"}
{"level":"error","message":"Failed to load route: /api/admin/riders → argument handler must be a function","timestamp":"2025-11-25T11:03:07.091Z"}
{"level":"error","message":"Failed to load route: /api/admin/riders → argument handler must be a function","timestamp":"2025-11-25T11:04:43.143Z"}
{"level":"error","message":"Failed to load route: /api/menu → Unexpected token ';'","timestamp":"2025-11-25T11:12:32.481Z"}
{"level":"error","message":"Failed to load route: /api/admin/riders → argument handler must be a function","timestamp":"2025-11-25T11:12:32.630Z"}
{"level":"error","message":"Failed to load route: /api/admin/riders → argument handler must be a function","timestamp":"2025-11-25T11:12:45.308Z"}
{"level":"error","message":"Failed to load route: /api/admin/riders → argument handler must be a function","timestamp":"2025-11-25T11:14:45.545Z"}
{"level":"error","message":"Failed to load route: /api/menu → argument handler must be a function","timestamp":"2025-11-25T11:18:40.897Z"}
{"level":"error","message":"Failed to load route: /api/admin/riders → argument handler must be a function","timestamp":"2025-11-25T11:18:41.282Z"}
{"level":"error","message":"Failed to load route: /api/menu → argument handler must be a function","timestamp":"2025-11-25T11:21:26.181Z"}
{"level":"error","message":"Failed to load route: /api/admin/riders → argument handler must be a function","timestamp":"2025-11-25T11:21:26.376Z"}
{"level":"error","message":"Failed to load route: /api/menu → argument handler must be a function","timestamp":"2025-11-25T11:22:57.824Z"}
{"level":"error","message":"Failed to load route: /api/admin/riders → argument handler must be a function","timestamp":"2025-11-25T11:22:58.069Z"}
{"level":"error","message":"Failed to load route: /api/menu → argument handler must be a function","timestamp":"2025-11-25T11:23:53.301Z"}
{"level":"error","message":"Failed to load route: /api/admin/riders → argument handler must be a function","timestamp":"2025-11-25T11:23:53.610Z"}
{"level":"error","message":"Failed to load route: /api/menu → argument handler must be a function","timestamp":"2025-11-25T11:24:03.195Z"}
{"level":"error","message":"Failed to load route: /api/admin/riders → argument handler must be a function","timestamp":"2025-11-25T11:24:03.387Z"}
{"level":"error","message":"Failed to load route: /api/menu → argument handler must be a function","timestamp":"2025-11-25T11:24:28.198Z"}
{"level":"error","message":"Failed to load route: /api/admin/riders → argument handler must be a function","timestamp":"2025-11-25T11:24:28.463Z"}
{"level":"error","message":"Failed to load route: /api/menu → argument handler must be a function","timestamp":"2025-11-25T11:24:44.183Z"}
{"level":"error","message":"Failed to load route: /api/admin/riders → argument handler must be a function","timestamp":"2025-11-25T11:24:44.322Z"}
{"level":"error","message":"Failed to load route: /api/menu → argument handler must be a function","timestamp":"2025-11-25T11:28:30.136Z"}
{"level":"error","message":"Failed to load route: /api/admin/riders → Unexpected identifier 'require'","timestamp":"2025-11-25T11:28:30.191Z"}
{"level":"error","message":"Failed to load route: /api/menu → argument handler must be a function","timestamp":"2025-11-25T11:29:03.472Z"}
{"level":"error","message":"Failed to load route: /api/admin/riders → Unexpected identifier 'require'","timestamp":"2025-11-25T11:29:03.577Z"}
{"level":"error","message":"Failed to load route: /api/menu → argument handler must be a function","timestamp":"2025-11-25T11:29:46.527Z"}
{"level":"error","message":"Failed to load route: /api/admin/riders → Unexpected identifier 'require'","timestamp":"2025-11-25T11:29:46.817Z"}
{"level":"error","message":"Failed to load route: /api/menu → argument handler must be a function","timestamp":"2025-11-25T11:30:22.380Z"}
{"level":"error","message":"Failed to load route: /api/admin/riders → argument handler must be a function","timestamp":"2025-11-25T11:30:22.588Z"}
{"level":"error","message":"Failed to load route: /api/menu → argument handler must be a function","timestamp":"2025-11-25T11:31:24.212Z"}
{"level":"error","message":"Failed to load route: /api/admin/riders → argument handler must be a function","timestamp":"2025-11-25T11:31:24.427Z"}
{"level":"error","message":"Failed to load route: /api/menu → argument handler must be a function","timestamp":"2025-11-25T11:33:20.721Z"}
{"level":"error","message":"Failed to load route: /api/admin/riders → argument handler must be a function","timestamp":"2025-11-25T11:33:20.899Z"}
{"level":"error","message":"Failed to load route: /api/menu → argument handler must be a function","timestamp":"2025-11-25T11:33:46.992Z"}
{"level":"error","message":"Failed to load route: /api/admin/riders → argument handler must be a function","timestamp":"2025-11-25T11:33:47.158Z"}
{"level":"error","message":"Failed to load route: /api/menu → argument handler must be a function","timestamp":"2025-11-25T11:34:03.817Z"}
{"level":"error","message":"Failed to load route: /api/admin/ → argument handler must be a function","timestamp":"2025-11-25T11:34:03.906Z"}
{"level":"error","message":"Failed to load route: /api/menu → argument handler must be a function","timestamp":"2025-11-25T11:34:10.030Z"}
{"level":"error","message":"Failed to load route: /api/admin/riders → argument handler must be a function","timestamp":"2025-11-25T11:34:10.172Z"}
{"level":"error","message":"Failed to load route: /api/menu → argument handler must be a function","timestamp":"2025-11-25T11:36:18.195Z"}
{"level":"error","message":"Failed to load route: /api/admin/riders → argument handler must be a function","timestamp":"2025-11-25T11:36:18.334Z"}
{"level":"error","message":"Failed to load route: /api/menu → argument handler must be a function","timestamp":"2025-11-25T11:36:35.415Z"}
{"level":"error","message":"Failed to load route: /api/admin/riders → argument handler must be a function","timestamp":"2025-11-25T11:36:35.565Z"}
{"level":"error","message":"Failed to load route: /api/menu → argument handler must be a function","timestamp":"2025-11-25T11:37:51.247Z"}
{"level":"error","message":"Failed to load route: /api/admin/riders → argument handler must be a function","timestamp":"2025-11-25T11:37:51.441Z"}
{"level":"error","message":"Failed to load route: /api/menu → argument handler must be a function","timestamp":"2025-11-25T11:38:20.888Z"}
{"level":"error","message":"Failed to load route: /api/admin/riders → argument handler must be a function","timestamp":"2025-11-25T11:38:21.087Z"}
{"level":"error","message":"Failed to load route: /api/menu → argument handler must be a function","timestamp":"2025-11-25T11:38:27.345Z"}
{"level":"error","message":"Failed to load route: /api/admin/riders → argument handler must be a function","timestamp":"2025-11-25T11:38:27.454Z"}
{"level":"error","message":"Failed to load route: /api/menu → argument handler must be a function","timestamp":"2025-11-25T11:40:38.455Z"}
{"level":"error","message":"Failed to load route: /api/admin/riders → argument handler must be a function","timestamp":"2025-11-25T11:40:38.677Z"}
{"level":"error","message":"Failed to load route: /api/menu → argument handler must be a function","timestamp":"2025-11-25T11:40:45.768Z"}
{"level":"error","message":"Failed to load route: /api/admin/riders → argument handler must be a function","timestamp":"2025-11-25T11:40:45.930Z"}
{"level":"error","message":"Failed to load route: /api/menu → argument handler must be a function","timestamp":"2025-11-25T11:53:00.859Z"}
{"level":"error","message":"Failed to load route: /api/admin/riders → argument handler must be a function","timestamp":"2025-11-25T11:53:00.941Z"}
{"level":"error","message":"Failed to load route: /api/menu → argument handler must be a function","timestamp":"2025-11-25T11:53:27.062Z"}
{"level":"error","message":"Failed to load route: /api/admin/riders → argument handler must be a function","timestamp":"2025-11-25T11:53:27.221Z"}
{"level":"error","message":"Failed to load route: /api/menu → argument handler must be a function","timestamp":"2025-11-25T11:53:34.731Z"}
{"level":"error","message":"Failed to load route: /api/admin/riders → argument handler must be a function","timestamp":"2025-11-25T11:53:34.898Z"}
{"level":"error","message":"Failed to load route: /api/menu → argument handler must be a function","timestamp":"2025-11-25T11:54:53.911Z"}
{"level":"error","message":"Failed to load route: /api/admin/riders → argument handler must be a function","timestamp":"2025-11-25T11:54:54.022Z"}
{"level":"error","message":"Failed to load route: /api/menu → argument handler must be a function","timestamp":"2025-11-25T11:56:37.747Z"}
{"level":"error","message":"Failed to load route: /api/admin/riders → argument handler must be a function","timestamp":"2025-11-25T11:56:37.938Z"}
{"level":"error","message":"Failed to load route: /api/menu → argument handler must be a function","timestamp":"2025-11-25T11:57:04.879Z"}
{"level":"error","message":"Failed to load route: /api/admin/riders → argument handler must be a function","timestamp":"2025-11-25T11:57:04.989Z"}
{"level":"error","message":"Failed to load route: /api/menu → argument handler must be a function","timestamp":"2025-11-25T11:58:37.204Z"}
{"level":"error","message":"Failed to load route: /api/admin/riders → argument handler must be a function","timestamp":"2025-11-25T11:58:37.334Z"}
{"level":"error","message":"Failed to load route: /api/menu → argument handler must be a function","timestamp":"2025-11-25T11:58:40.372Z"}
{"level":"error","message":"Failed to load route: /api/admin/riders → argument handler must be a function","timestamp":"2025-11-25T11:58:40.480Z"}
{"level":"error","message":"Failed to load route: /api/menu → argument handler must be a function","timestamp":"2025-11-25T11:59:38.834Z"}
{"level":"error","message":"Failed to load route: /api/menu → query is not defined","timestamp":"2025-11-25T11:59:47.587Z"}
{"level":"error","message":"Failed to load route: /api/menu → query is not defined","timestamp":"2025-11-25T12:00:10.218Z"}
{"level":"error","message":"Failed to load route: /api/menu → query is not defined","timestamp":"2025-11-25T12:02:41.128Z"}
{"level":"error","message":"Failed to load route: /api/menu → query is not defined","timestamp":"2025-11-25T12:02:55.442Z"}
{"level":"error","message":"Failed to load route: /api/deal → argument handler must be a function","timestamp":"2025-11-25T12:02:55.486Z"}
{"level":"error","message":"Failed to load route: /api/menu → query is not defined","timestamp":"2025-11-25T12:03:08.171Z"}
{"level":"error","message":"UNHANDLED ERROR: Unexpected non-whitespace character after JSON at position 106 (line 2 column 1)","method":"POST","stack":"SyntaxError: Unexpected non-whitespace character after JSON at position 106 (line 2 column 1)\n    at JSON.parse (<anonymous>)\n    at parse (C:\\amfood\\FoodWebsite-backend\\node_modules\\body-parser\\lib\\types\\json.js:77:19)\n    at C:\\amfood\\FoodWebsite-backend\\node_modules\\body-parser\\lib\\read.js:123:18\n    at AsyncResource.runInAsyncScope (node:async_hooks:211:14)\n    at invokeCallback (C:\\amfood\\FoodWebsite-backend\\node_modules\\raw-body\\index.js:238:16)\n    at done (C:\\amfood\\FoodWebsite-backend\\node_modules\\raw-body\\index.js:227:7)\n    at IncomingMessage.onEnd (C:\\amfood\\FoodWebsite-backend\\node_modules\\raw-body\\index.js:287:7)\n    at IncomingMessage.emit (node:events:524:28)\n    at endReadableNT (node:internal/streams/readable:1698:12)\n    at process.processTicksAndRejections (node:internal/process/task_queues:90:21)","timestamp":"2025-11-25T14:58:25.742Z","url":"/api/admin/delivery-zone"}
{"level":"error","message":"UNHANDLED ERROR: Unexpected non-whitespace character after JSON at position 104 (line 3 column 1)","method":"POST","stack":"SyntaxError: Unexpected non-whitespace character after JSON at position 104 (line 3 column 1)\n    at JSON.parse (<anonymous>)\n    at parse (C:\\amfood\\FoodWebsite-backend\\node_modules\\body-parser\\lib\\types\\json.js:77:19)\n    at C:\\amfood\\FoodWebsite-backend\\node_modules\\body-parser\\lib\\read.js:123:18\n    at AsyncResource.runInAsyncScope (node:async_hooks:211:14)\n    at invokeCallback (C:\\amfood\\FoodWebsite-backend\\node_modules\\raw-body\\index.js:238:16)\n    at done (C:\\amfood\\FoodWebsite-backend\\node_modules\\raw-body\\index.js:227:7)\n    at IncomingMessage.onEnd (C:\\amfood\\FoodWebsite-backend\\node_modules\\raw-body\\index.js:287:7)\n    at IncomingMessage.emit (node:events:524:28)\n    at endReadableNT (node:internal/streams/readable:1698:12)\n    at process.processTicksAndRejections (node:internal/process/task_queues:90:21)","timestamp":"2025-11-25T15:00:11.486Z","url":"/api/admin/delivery-zone"}
{"level":"error","message":"Route load failed: /api/order → Unexpected token ')'","timestamp":"2025-11-25T16:51:18.005Z"}
{"level":"error","message":"Route load failed: /api/deal → Unexpected token ')'","timestamp":"2025-11-25T16:51:18.034Z"}
{"level":"error","message":"Route load failed: /api/order → Unexpected token ')'","timestamp":"2025-11-25T16:52:39.548Z"}
{"level":"error","message":"Route load failed: /api/deal → Unexpected token ')'","timestamp":"2025-11-25T16:52:39.568Z"}
{"level":"error","message":"UNHANDLED ERROR: Unexpected non-whitespace character after JSON at position 218 (line 10 column 1)","method":"POST","stack":"SyntaxError: Unexpected non-whitespace character after JSON at position 218 (line 10 column 1)\n    at JSON.parse (<anonymous>)\n    at parse (C:\\amfood\\FoodWebsite-backend\\node_modules\\body-parser\\lib\\types\\json.js:77:19)\n    at C:\\amfood\\FoodWebsite-backend\\node_modules\\body-parser\\lib\\read.js:123:18\n    at AsyncResource.runInAsyncScope (node:async_hooks:211:14)\n    at invokeCallback (C:\\amfood\\FoodWebsite-backend\\node_modules\\raw-body\\index.js:238:16)\n    at done (C:\\amfood\\FoodWebsite-backend\\node_modules\\raw-body\\index.js:227:7)\n    at IncomingMessage.onEnd (C:\\amfood\\FoodWebsite-backend\\node_modules\\raw-body\\index.js:287:7)\n    at IncomingMessage.emit (node:events:524:28)\n    at endReadableNT (node:internal/streams/readable:1698:12)\n    at process.processTicksAndRejections (node:internal/process/task_queues:90:21)","timestamp":"2025-11-25T17:30:53.185Z","url":"/api/order/guest"}
{"level":"error","message":"Route load failed: /api/order → createGuestOrder is not defined","timestamp":"2025-11-25T17:37:42.799Z"}
{"level":"error","message":"Route load failed: /api/order → argument handler must be a function","timestamp":"2025-11-25T17:37:54.233Z"}
{"level":"error","message":"Route load failed: /api/order → createGuestOrderWithAreaId is not defined","timestamp":"2025-11-25T17:38:31.062Z"}
{"level":"error","message":"Route load failed: /api/order → createGuestOrderWithAreaId is not defined","timestamp":"2025-11-25T17:38:42.999Z"}
{"level":"error","message":"Route load failed: /api/order → createGuestOrderWithAreaId is not defined","timestamp":"2025-11-25T17:38:56.627Z"}
{"level":"error","message":"Route load failed: /api/order → Invalid or unexpected token","timestamp":"2025-11-25T17:39:52.931Z"}
{"level":"error","message":"Route load failed: /api/order → Invalid or unexpected token","timestamp":"2025-11-25T17:40:15.146Z"}
{"body":{"address":{"floor":"2nd Floor","fullAddress":"House 10, Street 5, Model Town, Lahore","instructions":"Ring bell twice","label":"Home"},"areaId":"507f1f77bcf86cd799439011","items":[{"menuItem":"6925c579083f8625d7ac49ab","quantity":2}],"name":"Ali","paymentMethod":"bank","phone":"03331234567"},"level":"error","message":"UNHANDLED ERROR: mongoose is not defined","method":"POST","stack":"ReferenceError: mongoose is not defined\n    at createGuestOrder (C:\\amfood\\FoodWebsite-backend\\src\\controllers\\order\\orderController.js:274:19)\n    at Layer.handleRequest (C:\\amfood\\FoodWebsite-backend\\node_modules\\router\\lib\\layer.js:152:17)\n    at next (C:\\amfood\\FoodWebsite-backend\\node_modules\\router\\lib\\route.js:157:13)\n    at validateRequest (C:\\amfood\\FoodWebsite-backend\\src\\middleware\\validate\\validate.js:16:3)\n    at Layer.handleRequest (C:\\amfood\\FoodWebsite-backend\\node_modules\\router\\lib\\layer.js:152:17)\n    at next (C:\\amfood\\FoodWebsite-backend\\node_modules\\router\\lib\\route.js:157:13)\n    at middleware (C:\\amfood\\FoodWebsite-backend\\node_modules\\express-validator\\lib\\middlewares\\check.js:16:13)\n    at process.processTicksAndRejections (node:internal/process/task_queues:105:5)","timestamp":"2025-11-25T17:41:15.714Z","url":"/api/order/guest"}
{"level":"error","message":"Route load failed: /api/order → argument handler must be a function","timestamp":"2025-11-25T17:48:30.007Z"}
{"level":"error","message":"Route load failed: /api/order → Identifier 'getDealUsageChart' has already been declared","timestamp":"2025-11-27T11:06:36.708Z"}
{"level":"error","message":"Route load failed: /api/deal → Identifier 'getDealUsageChart' has already been declared","timestamp":"2025-11-27T11:06:36.732Z"}
{"level":"error","message":"Route load failed: /api/order → Identifier 'getDealUsageChart' has already been declared","timestamp":"2025-11-27T11:06:59.416Z"}
{"level":"error","message":"Route load failed: /api/deal → Identifier 'getDealUsageChart' has already been declared","timestamp":"2025-11-27T11:06:59.452Z"}
{"level":"error","message":"Route load failed: /api/order → Identifier 'getDealUsageChart' has already been declared","timestamp":"2025-11-27T11:07:26.835Z"}
{"level":"error","message":"Route load failed: /api/deal → Identifier 'getDealUsageChart' has already been declared","timestamp":"2025-11-27T11:07:26.849Z"}
{"level":"error","message":"Route load failed: /api/order → validateAnalyticsQuery is not defined","timestamp":"2025-11-27T12:06:45.024Z"}
{"level":"error","message":"Route load failed: /api/order → validateAnalyticsQuery is not defined","timestamp":"2025-11-27T12:06:51.163Z"}
{"level":"error","message":"Route load failed: /api/order → validateAnalyticsQuery is not defined","timestamp":"2025-11-27T12:07:27.491Z"}
{"level":"error","message":"Route load failed: /api/analytics → Cannot find module './src/routes/analytics/analyticsRoutes'\nRequire stack:\n- C:\\amfood\\FoodWebsite-backend\\server.js","timestamp":"2025-11-27T12:18:40.335Z"}
{"level":"error","message":"Route load failed: /api/order/analytics → Cannot find module './src/routes/analytics/analyticsRoutes'\nRequire stack:\n- C:\\amfood\\FoodWebsite-backend\\server.js","timestamp":"2025-11-27T12:19:01.002Z"}
