{"level":"error","timestamp":"2025-11-17T13:14:52.491Z"}
{"level":"error","timestamp":"2025-11-17T13:18:56.942Z"}
{"level":"error","timestamp":"2025-11-17T13:21:04.157Z"}
{"level":"error","timestamp":"2025-11-17T13:21:06.945Z"}
{"level":"error","timestamp":"2025-11-17T13:21:15.151Z"}
{"level":"error","timestamp":"2025-11-17T13:21:27.506Z"}
{"level":"error","timestamp":"2025-11-17T13:21:53.894Z"}
{"level":"error","timestamp":"2025-11-17T13:23:13.617Z"}
{"level":"error","timestamp":"2025-11-17T13:24:41.706Z"}
{"level":"error","timestamp":"2025-11-17T13:25:25.526Z"}
{"level":"error","timestamp":"2025-11-17T13:25:49.531Z"}
{"level":"error","timestamp":"2025-11-17T13:25:58.050Z"}
{"level":"error","timestamp":"2025-11-17T13:26:02.705Z"}
{"level":"error","timestamp":"2025-11-17T13:26:32.575Z"}
{"level":"error","timestamp":"2025-11-17T13:26:45.184Z"}
{"level":"error","timestamp":"2025-11-17T13:27:57.898Z"}
{"level":"error","timestamp":"2025-11-17T13:33:27.058Z"}
{"level":"error","timestamp":"2025-11-17T13:34:05.381Z"}
{"level":"error","timestamp":"2025-11-17T13:34:14.757Z"}
{"http_code":401,"level":"error","message":"Invalid Signature c19331bc6930ee3a045818c43b29540ef7f37969. String to sign - 'allowed_formats=jpg,jpeg,png,webp&folder=foodapp/menu&public_id=item-1763387837419-686911500&timestamp=1763387837&transformation=c_limit,h_1000,w_1000/f_auto,q_auto'.","name":"Error","storageErrors":[],"timestamp":"2025-11-17T13:57:19.344Z"}
{"http_code":401,"level":"error","message":"Invalid Signature 6008c00c96266546599d126a2eb9dcf272a3da29. String to sign - 'allowed_formats=jpg,jpeg,png,webp&folder=foodapp/menu&public_id=item-1763388105252-875353693&timestamp=1763388105&transformation=c_limit,h_1000,w_1000/f_auto,q_auto'.","name":"Error","storageErrors":[],"timestamp":"2025-11-17T14:01:46.523Z"}
{"http_code":401,"level":"error","message":"Invalid Signature 3b70c3787975d53b09302277cfbf885d6edba64f. String to sign - 'allowed_formats=jpg,jpeg,png,webp&folder=foodapp/menu&public_id=item-1763388285417-760363096&timestamp=1763388285&transformation=c_limit,h_1000,w_1000/f_auto,q_auto'.","name":"Error","storageErrors":[],"timestamp":"2025-11-17T14:04:46.891Z"}
{"http_code":401,"level":"error","message":"Invalid Signature 55a5a06c2500bac2ef3eac9b7082a1260ad10154. String to sign - 'allowed_formats=jpg,jpeg,png,webp&folder=foodapp/menu&public_id=item-1763388327514-658093709&timestamp=1763388327&transformation=c_limit,h_1000,w_1000'.","name":"Error","storageErrors":[],"timestamp":"2025-11-17T14:05:28.819Z"}
{"http_code":401,"level":"error","message":"Invalid Signature d7b926ba8f042b69ba29bf586ef4f2b815761dc6. String to sign - 'allowed_formats=jpg,jpeg,png,webp&folder=foodapp/menu&public_id=item-1763388351013-641321907&timestamp=1763388351&transformation=c_limit,h_1000,w_1000'.","name":"Error","storageErrors":[],"timestamp":"2025-11-17T14:05:52.599Z"}
{"http_code":401,"level":"error","message":"Invalid Signature 4672732ae188ad197d1fc9cb2ec39a46fad14b8f. String to sign - 'allowed_formats=jpg,jpeg,png,webp&folder=foodapp/menu&public_id=item-1763388410692-497896702&timestamp=1763388410&transformation=c_limit,h_1000,w_1000'.","name":"Error","storageErrors":[],"timestamp":"2025-11-17T14:06:51.952Z"}
{"level":"error","timestamp":"2025-11-18T08:47:16.257Z"}
{"level":"error","timestamp":"2025-11-18T08:50:16.825Z"}
{"level":"error","timestamp":"2025-11-18T08:56:19.404Z"}
{"level":"error","timestamp":"2025-11-18T08:58:52.700Z"}
{"level":"error","message":"ReferenceError: res is not defined\n    at auth (C:\\amfood\\FoodWebsite-backend\\src\\middleware\\auth\\auth.js:26:5)\n    at Layer.handleRequest (C:\\amfood\\FoodWebsite-backend\\node_modules\\router\\lib\\layer.js:152:17)\n    at trimPrefix (C:\\amfood\\FoodWebsite-backend\\node_modules\\router\\index.js:342:13)\n    at C:\\amfood\\FoodWebsite-backend\\node_modules\\router\\index.js:297:9\n    at processParams (C:\\amfood\\FoodWebsite-backend\\node_modules\\router\\index.js:582:12)\n    at next (C:\\amfood\\FoodWebsite-backend\\node_modules\\router\\index.js:291:5)\n    at Function.handle (C:\\amfood\\FoodWebsite-backend\\node_modules\\router\\index.js:186:3)\n    at router (C:\\amfood\\FoodWebsite-backend\\node_modules\\router\\index.js:60:12)\n    at Layer.handleRequest (C:\\amfood\\FoodWebsite-backend\\node_modules\\router\\lib\\layer.js:152:17)\n    at trimPrefix (C:\\amfood\\FoodWebsite-backend\\node_modules\\router\\index.js:342:13)","timestamp":"2025-11-18T10:00:57.519Z"}
{"level":"error","message":"SyntaxError: Unexpected token 'c', \"\nconst expr\"... is not valid JSON\n    at JSON.parse (<anonymous>)\n    at createStrictSyntaxError (C:\\amfood\\FoodWebsite-backend\\node_modules\\body-parser\\lib\\types\\json.js:156:10)\n    at parse (C:\\amfood\\FoodWebsite-backend\\node_modules\\body-parser\\lib\\types\\json.js:71:15)\n    at C:\\amfood\\FoodWebsite-backend\\node_modules\\body-parser\\lib\\read.js:123:18\n    at AsyncResource.runInAsyncScope (node:async_hooks:211:14)\n    at invokeCallback (C:\\amfood\\FoodWebsite-backend\\node_modules\\raw-body\\index.js:238:16)\n    at done (C:\\amfood\\FoodWebsite-backend\\node_modules\\raw-body\\index.js:227:7)\n    at IncomingMessage.onEnd (C:\\amfood\\FoodWebsite-backend\\node_modules\\raw-body\\index.js:287:7)\n    at IncomingMessage.emit (node:events:524:28)\n    at endReadableNT (node:internal/streams/readable:1698:12)","timestamp":"2025-11-18T10:35:22.824Z"}
{"level":"info","message":"Server started on port 5000","timestamp":"2025-11-18T16:58:05.078Z"}
{"level":"info","message":"MongoDB Connected Successfully","timestamp":"2025-11-18T16:58:05.126Z"}
{"level":"info","message":"Server started on port 5000","timestamp":"2025-11-18T16:59:16.841Z"}
{"level":"info","message":"MongoDB Connected Successfully","timestamp":"2025-11-18T16:59:16.910Z"}
{"level":"info","message":"Server started on port 5000","timestamp":"2025-11-19T11:49:00.463Z"}
{"level":"info","message":"MongoDB Connected Successfully","timestamp":"2025-11-19T11:49:00.504Z"}
{"level":"info","message":"SIGINT received. Shutting down...","timestamp":"2025-11-19T11:49:35.321Z"}
{"level":"info","message":"Server started on port 5000 | PID: 38856","timestamp":"2025-11-19T17:29:31.404Z"}
{"level":"info","message":"MongoDB Connected Successfully","timestamp":"2025-11-19T17:29:31.426Z"}
{"level":"info","message":"Server started on port 5000 | PID: 53316","timestamp":"2025-11-19T17:34:40.671Z"}
{"level":"info","message":"MongoDB Connected Successfully","timestamp":"2025-11-19T17:34:40.789Z"}
{"level":"info","message":"Server started on port 5000 | PID: 47208","timestamp":"2025-11-19T17:35:09.043Z"}
{"level":"info","message":"MongoDB Connected Successfully","timestamp":"2025-11-19T17:35:09.084Z"}
{"level":"info","message":"Server started on port 5000 | PID: 75820","timestamp":"2025-11-19T17:35:39.039Z"}
{"level":"info","message":"MongoDB Connected Successfully","timestamp":"2025-11-19T17:35:39.059Z"}
{"level":"info","message":"Server started on port 5000 | PID: 32072","timestamp":"2025-11-19T17:36:02.209Z"}
{"level":"info","message":"MongoDB Connected Successfully","timestamp":"2025-11-19T17:36:02.275Z"}
{"level":"info","message":"Server started on port 5000 | PID: 82428","timestamp":"2025-11-19T17:37:54.433Z"}
{"level":"info","message":"MongoDB Connected Successfully","timestamp":"2025-11-19T17:37:54.456Z"}
{"level":"info","message":"Server started on port 5000 | PID: 3196","timestamp":"2025-11-19T17:38:25.280Z"}
{"level":"info","message":"MongoDB Connected Successfully","timestamp":"2025-11-19T17:38:25.316Z"}
{"level":"info","message":"Server started on port 5000 | PID: 19788","timestamp":"2025-11-19T17:39:32.754Z"}
{"level":"info","message":"MongoDB Connected Successfully","timestamp":"2025-11-19T17:39:32.786Z"}
{"level":"info","message":"Server started on port 5000 | PID: 72716","timestamp":"2025-11-19T17:40:25.292Z"}
{"level":"info","message":"MongoDB Connected Successfully","timestamp":"2025-11-19T17:40:25.316Z"}
{"level":"info","message":"Shutting down gracefully...","timestamp":"2025-11-19T17:40:38.495Z"}
{"level":"info","message":"Server started on port 5000 | PID: 30848","timestamp":"2025-11-19T17:40:45.674Z"}
{"level":"info","message":"MongoDB Connected Successfully","timestamp":"2025-11-19T17:40:45.706Z"}
{"level":"info","message":"Shutting down gracefully...","timestamp":"2025-11-19T17:44:40.037Z"}
{"level":"info","message":"Server running on port 5000","timestamp":"2025-11-19T18:05:14.598Z"}
{"level":"info","message":"MongoDB Connected Successfully","timestamp":"2025-11-19T18:05:14.630Z"}
{"level":"info","message":"Server running on port 5000","timestamp":"2025-11-19T18:05:31.230Z"}
{"level":"info","message":"MongoDB Connected Successfully","timestamp":"2025-11-19T18:05:31.275Z"}
{"level":"info","message":"Server running on port 5000","timestamp":"2025-11-19T18:06:55.837Z"}
{"level":"info","message":"MongoDB Connected Successfully","timestamp":"2025-11-19T18:06:55.898Z"}
{"level":"info","message":"Server running on port 5000","timestamp":"2025-11-19T18:07:08.831Z"}
{"level":"info","message":"MongoDB Connected Successfully","timestamp":"2025-11-19T18:07:08.874Z"}
{"level":"info","message":"Server running on port 5000","timestamp":"2025-11-19T18:07:38.084Z"}
{"level":"info","message":"MongoDB Connected Successfully","timestamp":"2025-11-19T18:07:38.115Z"}
{"level":"info","message":"Server running on port 5000","timestamp":"2025-11-20T11:03:36.492Z"}
{"level":"info","message":"MongoDB Connected Successfully","timestamp":"2025-11-20T11:03:36.517Z"}
{"level":"info","message":"Server running on port 5000","timestamp":"2025-11-20T11:11:11.483Z"}
{"level":"info","message":"MongoDB Connected Successfully","timestamp":"2025-11-20T11:11:11.539Z"}
{"level":"info","message":"Server running on port 5000","timestamp":"2025-11-20T12:06:17.597Z"}
{"level":"info","message":"MongoDB Connected Successfully","timestamp":"2025-11-20T12:06:17.628Z"}
{"level":"info","message":"Server running on port 5000","timestamp":"2025-11-20T12:13:15.252Z"}
{"level":"info","message":"MongoDB Connected Successfully","timestamp":"2025-11-20T12:13:15.281Z"}
{"level":"info","message":"Server running on port 5000","timestamp":"2025-11-20T12:18:34.623Z"}
{"level":"info","message":"MongoDB Connected Successfully","timestamp":"2025-11-20T12:18:34.658Z"}
{"level":"info","message":"Server running on port 5000","timestamp":"2025-11-20T12:18:44.352Z"}
{"level":"info","message":"MongoDB Connected Successfully","timestamp":"2025-11-20T12:18:44.390Z"}
{"level":"info","message":"Server running on port 5000","timestamp":"2025-11-20T12:20:13.453Z"}
{"level":"info","message":"MongoDB Connected Successfully","timestamp":"2025-11-20T12:20:13.494Z"}
{"level":"info","message":"Server running on port 5000","timestamp":"2025-11-20T12:20:31.604Z"}
{"level":"info","message":"MongoDB Connected Successfully","timestamp":"2025-11-20T12:20:31.630Z"}
{"level":"info","message":"Server running on port 5000","timestamp":"2025-11-20T12:20:40.787Z"}
{"level":"info","message":"MongoDB Connected Successfully","timestamp":"2025-11-20T12:20:40.853Z"}
{"level":"info","message":"Server running on port 5000","timestamp":"2025-11-20T12:31:33.046Z"}
{"level":"info","message":"MongoDB Connected Successfully","timestamp":"2025-11-20T12:31:33.117Z"}
{"level":"info","message":"Server running on port 5000","timestamp":"2025-11-20T12:32:01.999Z"}
{"level":"info","message":"MongoDB Connected Successfully","timestamp":"2025-11-20T12:32:02.035Z"}
{"level":"info","message":"Server running on port 5000","timestamp":"2025-11-20T12:32:08.547Z"}
{"level":"info","message":"MongoDB Connected Successfully","timestamp":"2025-11-20T12:32:08.603Z"}
{"level":"info","message":"Server running on port 5000","timestamp":"2025-11-20T12:39:22.511Z"}
{"level":"info","message":"MongoDB Connected Successfully","timestamp":"2025-11-20T12:39:22.543Z"}
{"level":"info","message":"Server running on port 5000","timestamp":"2025-11-20T12:39:53.950Z"}
{"level":"info","message":"MongoDB Connected Successfully","timestamp":"2025-11-20T12:39:54.013Z"}
{"level":"info","message":"Server running on port 5000","timestamp":"2025-11-20T12:40:14.567Z"}
{"level":"info","message":"MongoDB Connected Successfully","timestamp":"2025-11-20T12:40:14.582Z"}
{"level":"info","message":"Server running on port 5000","timestamp":"2025-11-20T12:40:30.850Z"}
{"level":"info","message":"MongoDB Connected Successfully","timestamp":"2025-11-20T12:40:30.930Z"}
{"level":"info","message":"Server running on port 5000","timestamp":"2025-11-20T12:40:59.678Z"}
{"level":"info","message":"MongoDB Connected Successfully","timestamp":"2025-11-20T12:40:59.737Z"}
{"level":"info","message":"Server running on port 5000","timestamp":"2025-11-20T12:42:04.057Z"}
{"level":"info","message":"MongoDB Connected Successfully","timestamp":"2025-11-20T12:42:04.099Z"}
{"level":"info","message":"Server running on port 5000","timestamp":"2025-11-20T12:43:44.011Z"}
{"level":"info","message":"MongoDB Connected Successfully","timestamp":"2025-11-20T12:43:44.072Z"}
{"level":"info","message":"Server running on port 5000","timestamp":"2025-11-20T12:45:07.603Z"}
{"level":"info","message":"MongoDB Connected Successfully","timestamp":"2025-11-20T12:45:07.651Z"}
{"level":"info","message":"Server running on port 5000","timestamp":"2025-11-20T12:45:46.860Z"}
{"level":"info","message":"MongoDB Connected Successfully","timestamp":"2025-11-20T12:45:46.927Z"}
{"level":"info","message":"Server running on port 5000","timestamp":"2025-11-20T12:46:41.083Z"}
{"level":"info","message":"MongoDB Connected Successfully","timestamp":"2025-11-20T12:46:41.124Z"}
{"level":"info","message":"Server running on port 5000","timestamp":"2025-11-20T12:47:06.678Z"}
{"level":"info","message":"MongoDB Connected Successfully","timestamp":"2025-11-20T12:47:06.711Z"}
{"level":"info","message":"Server running on port 5000","timestamp":"2025-11-20T12:48:22.720Z"}
{"level":"info","message":"MongoDB Connected Successfully","timestamp":"2025-11-20T12:48:22.764Z"}
{"level":"info","message":"Server running on port 5000","timestamp":"2025-11-20T12:51:10.000Z"}
{"level":"info","message":"MongoDB Connected Successfully","timestamp":"2025-11-20T12:51:10.037Z"}
{"level":"info","message":"Server running on port 5000","timestamp":"2025-11-20T12:53:15.578Z"}
{"level":"info","message":"MongoDB Connected Successfully","timestamp":"2025-11-20T12:53:15.653Z"}
{"level":"info","message":"Server running on port 5000","timestamp":"2025-11-20T12:53:44.314Z"}
{"level":"info","message":"MongoDB Connected Successfully","timestamp":"2025-11-20T12:53:44.359Z"}
{"level":"info","message":"Server running on port 5000","timestamp":"2025-11-20T12:55:57.964Z"}
{"level":"info","message":"MongoDB Connected Successfully","timestamp":"2025-11-20T12:55:58.014Z"}
{"level":"info","message":"Server running on port 5000","timestamp":"2025-11-20T12:57:59.043Z"}
{"level":"info","message":"MongoDB Connected Successfully","timestamp":"2025-11-20T12:57:59.074Z"}
{"level":"info","message":"Server running on port 5000","timestamp":"2025-11-20T13:00:04.171Z"}
{"level":"info","message":"MongoDB Connected Successfully","timestamp":"2025-11-20T13:00:04.191Z"}
{"level":"info","message":"Server running on port 5000","timestamp":"2025-11-20T13:02:57.140Z"}
{"level":"info","message":"MongoDB Connected Successfully","timestamp":"2025-11-20T13:02:57.174Z"}
{"level":"info","message":"Server started on port 5000","timestamp":"2025-11-20T13:11:56.868Z"}
{"level":"info","message":"MongoDB Connected Successfully","timestamp":"2025-11-20T13:11:56.939Z"}
{"level":"info","message":"Server started on port 5000","timestamp":"2025-11-20T13:12:19.231Z"}
{"level":"info","message":"MongoDB Connected Successfully","timestamp":"2025-11-20T13:12:19.310Z"}
{"level":"info","message":"Server started on port 5000","timestamp":"2025-11-21T08:29:10.918Z"}
{"level":"info","message":"MongoDB Connected Successfully","timestamp":"2025-11-21T08:29:10.993Z"}
{"level":"info","message":"Server started on port 5000","timestamp":"2025-11-21T08:37:02.360Z"}
{"level":"info","message":"MongoDB Connected Successfully","timestamp":"2025-11-21T08:37:02.402Z"}
{"level":"info","message":"Server started on port 5000","timestamp":"2025-11-21T08:41:23.220Z"}
{"level":"info","message":"MongoDB Connected Successfully","timestamp":"2025-11-21T08:41:23.304Z"}
{"level":"info","message":"Server started on port 5000","timestamp":"2025-11-21T08:46:13.713Z"}
{"level":"info","message":"MongoDB Connected Successfully","timestamp":"2025-11-21T08:46:13.798Z"}
{"level":"info","message":"Server started on port 5000","timestamp":"2025-11-21T08:46:21.650Z"}
{"level":"info","message":"MongoDB Connected Successfully","timestamp":"2025-11-21T08:46:21.701Z"}
{"level":"warn","message":"404 → GET /favicon.ico","timestamp":"2025-11-21T08:46:48.647Z"}
{"level":"info","message":"Server started on port 5000","timestamp":"2025-11-21T08:52:00.069Z"}
{"level":"info","message":"MongoDB Connected Successfully","timestamp":"2025-11-21T08:52:00.178Z"}
{"level":"info","message":"Server started on port 5000","timestamp":"2025-11-21T08:58:40.554Z"}
{"level":"info","message":"MongoDB Connected Successfully","timestamp":"2025-11-21T08:58:40.598Z"}
{"level":"info","message":"Server started on port 5000","timestamp":"2025-11-21T09:01:28.791Z"}
{"level":"info","message":"MongoDB Connected Successfully","timestamp":"2025-11-21T09:01:28.891Z"}
{"level":"info","message":"Server started on port 5000","timestamp":"2025-11-21T09:01:43.721Z"}
{"level":"info","message":"MongoDB Connected Successfully","timestamp":"2025-11-21T09:01:43.777Z"}
{"level":"info","message":"Server started on port 5000","timestamp":"2025-11-21T09:03:23.304Z"}
{"level":"info","message":"MongoDB Connected Successfully","timestamp":"2025-11-21T09:03:23.348Z"}
{"level":"info","message":"Server started on port 5000","timestamp":"2025-11-21T09:17:19.963Z"}
{"level":"info","message":"MongoDB Connected Successfully","timestamp":"2025-11-21T09:17:20.024Z"}
{"level":"info","message":"Server started on port 5000","timestamp":"2025-11-21T09:17:39.064Z"}
{"level":"info","message":"MongoDB Connected Successfully","timestamp":"2025-11-21T09:17:39.163Z"}
{"level":"info","message":"Server started on port 5000","timestamp":"2025-11-21T09:18:04.243Z"}
{"level":"info","message":"MongoDB Connected Successfully","timestamp":"2025-11-21T09:18:04.330Z"}
{"level":"info","message":"Server started on port 5000","timestamp":"2025-11-21T09:18:15.628Z"}
{"level":"info","message":"MongoDB Connected Successfully","timestamp":"2025-11-21T09:18:15.717Z"}
{"level":"info","message":"Server started on port 5000","timestamp":"2025-11-21T09:22:11.854Z"}
{"level":"info","message":"MongoDB Connected Successfully","timestamp":"2025-11-21T09:22:11.952Z"}
{"level":"info","message":"Server started on port 5000","timestamp":"2025-11-21T09:26:11.653Z"}
{"level":"info","message":"MongoDB Connected Successfully","timestamp":"2025-11-21T09:26:11.772Z"}
{"level":"info","message":"Server started on port 5000","timestamp":"2025-11-21T09:26:56.550Z"}
{"level":"info","message":"MongoDB Connected Successfully","timestamp":"2025-11-21T09:26:56.667Z"}
{"level":"info","message":"Server started on port 5000","timestamp":"2025-11-21T09:32:14.914Z"}
{"level":"info","message":"MongoDB Connected Successfully","timestamp":"2025-11-21T09:32:14.969Z"}
{"level":"info","message":"Server started on port 5000","timestamp":"2025-11-21T09:35:47.469Z"}
{"level":"info","message":"MongoDB Connected Successfully","timestamp":"2025-11-21T09:35:47.554Z"}
